1650726075336	geckodriver	INFO	Listening on 127.0.0.1:57029
1650726137300	geckodriver	INFO	Listening on 127.0.0.1:38729
1650726235937	geckodriver	INFO	Listening on 127.0.0.1:58905
1650726235944	mozrunner::runner	INFO	Running command: "/usr/bin/firefox" "--marionette" "-no-remote" "-profile" "/tmp/rust_mozprofileVHdPTy"
ATTENTION: default value of option mesa_glthread overridden by environment.
ATTENTION: default value of option mesa_glthread overridden by environment.
ATTENTION: default value of option mesa_glthread overridden by environment.
ATTENTION: default value of option mesa_glthread overridden by environment.
1650726237234	Marionette	INFO	Marionette enabled
console.warn: SearchSettings: "get: No settings file exists, new profile?" (new NotFoundError("Could not open the file at /tmp/rust_mozprofileVHdPTy/search.json.mozlz4", (void 0)))
1650726239125	Marionette	INFO	Listening on port 35967
Read port: 35967
1650726239198	RemoteAgent	WARN	TLS certificate errors will be ignored for this session
JavaScript error: http://selenium1py.pythonanywhere.com/en-gb/catalogue/coders-at-work_207/, line 614: ReferenceError: oscar is not defined
1650726242500	Marionette	INFO	Stopped listening on port 35967

###!!! [Parent][PImageBridgeParent] Error: RunMessage(msgname=PImageBridge::Msg_WillClose) Channel closing: too late to send/recv, messages will be lost

1650726278451	geckodriver	INFO	Listening on 127.0.0.1:47047
1650726278467	mozrunner::runner	INFO	Running command: "/usr/bin/firefox" "--marionette" "-no-remote" "-profile" "/tmp/rust_mozprofileulMjXq"
ATTENTION: default value of option mesa_glthread overridden by environment.
ATTENTION: default value of option mesa_glthread overridden by environment.
ATTENTION: default value of option mesa_glthread overridden by environment.
ATTENTION: default value of option mesa_glthread overridden by environment.
1650726279311	Marionette	INFO	Marionette enabled
console.warn: SearchSettings: "get: No settings file exists, new profile?" (new NotFoundError("Could not open the file at /tmp/rust_mozprofileulMjXq/search.json.mozlz4", (void 0)))
1650726280997	Marionette	INFO	Listening on port 44559
Read port: 44559
1650726281100	RemoteAgent	WARN	TLS certificate errors will be ignored for this session
JavaScript error: http://selenium1py.pythonanywhere.com/ru/catalogue/coders-at-work_207/, line 614: ReferenceError: oscar is not defined
1650726282953	Marionette	INFO	Stopped listening on port 44559

###!!! [Parent][PImageBridgeParent] Error: RunMessage(msgname=PImageBridge::Msg_WillClose) Channel closing: too late to send/recv, messages will be lost

1650726301421	geckodriver	INFO	Listening on 127.0.0.1:36271
1650726301436	mozrunner::runner	INFO	Running command: "/usr/bin/firefox" "--marionette" "-no-remote" "-profile" "/tmp/rust_mozprofile2LKkjO"
ATTENTION: default value of option mesa_glthread overridden by environment.
ATTENTION: default value of option mesa_glthread overridden by environment.
ATTENTION: default value of option mesa_glthread overridden by environment.
ATTENTION: default value of option mesa_glthread overridden by environment.
1650726302243	Marionette	INFO	Marionette enabled
console.warn: SearchSettings: "get: No settings file exists, new profile?" (new NotFoundError("Could not open the file at /tmp/rust_mozprofile2LKkjO/search.json.mozlz4", (void 0)))
1650726304187	Marionette	INFO	Listening on port 43703
Read port: 43703
1650726304319	RemoteAgent	WARN	TLS certificate errors will be ignored for this session
JavaScript error: http://selenium1py.pythonanywhere.com/fr/catalogue/coders-at-work_207/, line 614: ReferenceError: oscar is not defined
1650726306904	Marionette	INFO	Stopped listening on port 43703

###!!! [Parent][PImageBridgeParent] Error: RunMessage(msgname=PImageBridge::Msg_WillClose) Channel closing: too late to send/recv, messages will be lost

1650726320422	geckodriver	INFO	Listening on 127.0.0.1:40071
1650726320439	mozrunner::runner	INFO	Running command: "/usr/bin/firefox" "--marionette" "-no-remote" "-profile" "/tmp/rust_mozprofileqbwOMB"
ATTENTION: default value of option mesa_glthread overridden by environment.
ATTENTION: default value of option mesa_glthread overridden by environment.
ATTENTION: default value of option mesa_glthread overridden by environment.
ATTENTION: default value of option mesa_glthread overridden by environment.
1650726321293	Marionette	INFO	Marionette enabled
console.warn: SearchSettings: "get: No settings file exists, new profile?" (new NotFoundError("Could not open the file at /tmp/rust_mozprofileqbwOMB/search.json.mozlz4", (void 0)))
1650726323089	Marionette	INFO	Listening on port 34283
Read port: 34283
1650726323173	RemoteAgent	WARN	TLS certificate errors will be ignored for this session
JavaScript error: http://selenium1py.pythonanywhere.com/en-gb/catalogue/coders-at-work_207/, line 614: ReferenceError: oscar is not defined
1650726325653	Marionette	INFO	Stopped listening on port 34283

###!!! [Parent][PImageBridgeParent] Error: RunMessage(msgname=PImageBridge::Msg_WillClose) Channel closing: too late to send/recv, messages will be lost

1650727582690	geckodriver	INFO	Listening on 127.0.0.1:38225
1650727582706	mozrunner::runner	INFO	Running command: "/usr/bin/firefox" "--marionette" "-no-remote" "-profile" "/tmp/rust_mozprofileP5fUPn"
ATTENTION: default value of option mesa_glthread overridden by environment.
ATTENTION: default value of option mesa_glthread overridden by environment.
ATTENTION: default value of option mesa_glthread overridden by environment.
ATTENTION: default value of option mesa_glthread overridden by environment.
1650727583552	Marionette	INFO	Marionette enabled
console.warn: SearchSettings: "get: No settings file exists, new profile?" (new NotFoundError("Could not open the file at /tmp/rust_mozprofileP5fUPn/search.json.mozlz4", (void 0)))
1650727585531	Marionette	INFO	Listening on port 35049
Read port: 35049
1650727585658	RemoteAgent	WARN	TLS certificate errors will be ignored for this session
JavaScript error: http://selenium1py.pythonanywhere.com/en-gb/catalogue/coders-at-work_207/, line 614: ReferenceError: oscar is not defined
1650727598750	Marionette	INFO	Stopped listening on port 35049

###!!! [Parent][PImageBridgeParent] Error: RunMessage(msgname=PImageBridge::Msg_WillClose) Channel closing: too late to send/recv, messages will be lost

1650727620191	geckodriver	INFO	Listening on 127.0.0.1:54257
1650727620200	mozrunner::runner	INFO	Running command: "/usr/bin/firefox" "--marionette" "-no-remote" "-profile" "/tmp/rust_mozprofileoZXh1m"
ATTENTION: default value of option mesa_glthread overridden by environment.
ATTENTION: default value of option mesa_glthread overridden by environment.
ATTENTION: default value of option mesa_glthread overridden by environment.
ATTENTION: default value of option mesa_glthread overridden by environment.
1650727621062	Marionette	INFO	Marionette enabled
console.warn: SearchSettings: "get: No settings file exists, new profile?" (new NotFoundError("Could not open the file at /tmp/rust_mozprofileoZXh1m/search.json.mozlz4", (void 0)))
1650727622836	Marionette	INFO	Listening on port 34917
Read port: 34917
1650727622932	RemoteAgent	WARN	TLS certificate errors will be ignored for this session
JavaScript error: http://selenium1py.pythonanywhere.com/ru/catalogue/coders-at-work_207/, line 614: ReferenceError: oscar is not defined
1650727638560	Marionette	INFO	Stopped listening on port 34917

###!!! [Parent][PImageBridgeParent] Error: RunMessage(msgname=PImageBridge::Msg_WillClose) Channel closing: too late to send/recv, messages will be lost

1650727648069	geckodriver	INFO	Listening on 127.0.0.1:50033
1650727648086	mozrunner::runner	INFO	Running command: "/usr/bin/firefox" "--marionette" "-no-remote" "-profile" "/tmp/rust_mozprofilelaTPCZ"
ATTENTION: default value of option mesa_glthread overridden by environment.
ATTENTION: default value of option mesa_glthread overridden by environment.
ATTENTION: default value of option mesa_glthread overridden by environment.
ATTENTION: default value of option mesa_glthread overridden by environment.
1650727648922	Marionette	INFO	Marionette enabled
console.warn: SearchSettings: "get: No settings file exists, new profile?" (new NotFoundError("Could not open the file at /tmp/rust_mozprofilelaTPCZ/search.json.mozlz4", (void 0)))
1650727650662	Marionette	INFO	Listening on port 41599
Read port: 41599
1650727650740	RemoteAgent	WARN	TLS certificate errors will be ignored for this session
JavaScript error: http://selenium1py.pythonanywhere.com/fr/catalogue/coders-at-work_207/, line 614: ReferenceError: oscar is not defined
1650727663430	Marionette	INFO	Stopped listening on port 41599
1650727673669	geckodriver	INFO	Listening on 127.0.0.1:51143
1650727673682	mozrunner::runner	INFO	Running command: "/usr/bin/firefox" "--marionette" "-no-remote" "-profile" "/tmp/rust_mozprofileHwpndk"
ATTENTION: default value of option mesa_glthread overridden by environment.
ATTENTION: default value of option mesa_glthread overridden by environment.
ATTENTION: default value of option mesa_glthread overridden by environment.
ATTENTION: default value of option mesa_glthread overridden by environment.
1650727674520	Marionette	INFO	Marionette enabled
console.warn: SearchSettings: "get: No settings file exists, new profile?" (new NotFoundError("Could not open the file at /tmp/rust_mozprofileHwpndk/search.json.mozlz4", (void 0)))
1650727676205	Marionette	INFO	Listening on port 36235
Read port: 36235
1650727676317	RemoteAgent	WARN	TLS certificate errors will be ignored for this session
JavaScript error: http://selenium1py.pythonanywhere.com/de/catalogue/coders-at-work_207/, line 614: ReferenceError: oscar is not defined
1650727691350	Marionette	INFO	Stopped listening on port 36235
1650727703176	geckodriver	INFO	Listening on 127.0.0.1:33427
1650727703185	mozrunner::runner	INFO	Running command: "/usr/bin/firefox" "--marionette" "-no-remote" "-profile" "/tmp/rust_mozprofileXvB6Er"
ATTENTION: default value of option mesa_glthread overridden by environment.
ATTENTION: default value of option mesa_glthread overridden by environment.
ATTENTION: default value of option mesa_glthread overridden by environment.
ATTENTION: default value of option mesa_glthread overridden by environment.
1650727703993	Marionette	INFO	Marionette enabled
console.warn: SearchSettings: "get: No settings file exists, new profile?" (new NotFoundError("Could not open the file at /tmp/rust_mozprofileXvB6Er/search.json.mozlz4", (void 0)))
1650727705685	Marionette	INFO	Listening on port 43487
Read port: 43487
1650727705753	RemoteAgent	WARN	TLS certificate errors will be ignored for this session
JavaScript error: http://selenium1py.pythonanywhere.com/en-gb/catalogue/coders-at-work_207/, line 614: ReferenceError: oscar is not defined
1650727717822	Marionette	INFO	Stopped listening on port 43487
1650727732985	geckodriver	INFO	Listening on 127.0.0.1:54915
1650727732996	mozrunner::runner	INFO	Running command: "/usr/bin/firefox" "--marionette" "-no-remote" "-profile" "/tmp/rust_mozprofilexP62as"
ATTENTION: default value of option mesa_glthread overridden by environment.
ATTENTION: default value of option mesa_glthread overridden by environment.
ATTENTION: default value of option mesa_glthread overridden by environment.
ATTENTION: default value of option mesa_glthread overridden by environment.
1650727733817	Marionette	INFO	Marionette enabled
console.warn: SearchSettings: "get: No settings file exists, new profile?" (new NotFoundError("Could not open the file at /tmp/rust_mozprofilexP62as/search.json.mozlz4", (void 0)))
1650727735542	Marionette	INFO	Listening on port 39433
Read port: 39433
1650727735632	RemoteAgent	WARN	TLS certificate errors will be ignored for this session
JavaScript error: http://selenium1py.pythonanywhere.com/en-gb/catalogue/coders-at-work_207/, line 614: ReferenceError: oscar is not defined
1650727747554	Marionette	INFO	Stopped listening on port 39433

###!!! [Parent][PImageBridgeParent] Error: RunMessage(msgname=PImageBridge::Msg_WillClose) Channel closing: too late to send/recv, messages will be lost

1650727760634	geckodriver	INFO	Listening on 127.0.0.1:45221
1650727760650	mozrunner::runner	INFO	Running command: "/usr/bin/firefox" "--marionette" "-no-remote" "-profile" "/tmp/rust_mozprofile5fQhek"
ATTENTION: default value of option mesa_glthread overridden by environment.
ATTENTION: default value of option mesa_glthread overridden by environment.
ATTENTION: default value of option mesa_glthread overridden by environment.
ATTENTION: default value of option mesa_glthread overridden by environment.
1650727761500	Marionette	INFO	Marionette enabled
console.warn: SearchSettings: "get: No settings file exists, new profile?" (new NotFoundError("Could not open the file at /tmp/rust_mozprofile5fQhek/search.json.mozlz4", (void 0)))
1650727763103	Marionette	INFO	Listening on port 43843
Read port: 43843
1650727763186	RemoteAgent	WARN	TLS certificate errors will be ignored for this session
JavaScript error: http://selenium1py.pythonanywhere.com/en-gb/catalogue/coders-at-work_207/, line 614: ReferenceError: oscar is not defined
1650727777197	Marionette	INFO	Stopped listening on port 43843

###!!! [Parent][PImageBridgeParent] Error: RunMessage(msgname=PImageBridge::Msg_WillClose) Channel closing: too late to send/recv, messages will be lost

1650727856160	geckodriver	INFO	Listening on 127.0.0.1:59731
1650727857173	mozrunner::runner	INFO	Running command: "/usr/bin/firefox" "--marionette" "-no-remote" "-profile" "/tmp/rust_mozprofileqBSjAz"
ATTENTION: default value of option mesa_glthread overridden by environment.
ATTENTION: default value of option mesa_glthread overridden by environment.
ATTENTION: default value of option mesa_glthread overridden by environment.
ATTENTION: default value of option mesa_glthread overridden by environment.
1650727858244	Marionette	INFO	Marionette enabled
console.warn: SearchSettings: "get: No settings file exists, new profile?" (new NotFoundError("Could not open the file at /tmp/rust_mozprofileqBSjAz/search.json.mozlz4", (void 0)))
1650727860539	Marionette	INFO	Listening on port 41265
Read port: 41265
1650727860615	RemoteAgent	WARN	TLS certificate errors will be ignored for this session
JavaScript error: http://selenium1py.pythonanywhere.com/en-gb/catalogue/coders-at-work_207/, line 614: ReferenceError: oscar is not defined
1650727874669	Marionette	INFO	Stopped listening on port 41265

###!!! [Parent][PImageBridgeParent] Error: RunMessage(msgname=PImageBridge::Msg_WillClose) Channel closing: too late to send/recv, messages will be lost

1650727905815	geckodriver	INFO	Listening on 127.0.0.1:51127
1650727905831	mozrunner::runner	INFO	Running command: "/usr/bin/firefox" "--marionette" "-no-remote" "-profile" "/tmp/rust_mozprofilejj9IrH"
ATTENTION: default value of option mesa_glthread overridden by environment.
ATTENTION: default value of option mesa_glthread overridden by environment.
ATTENTION: default value of option mesa_glthread overridden by environment.
ATTENTION: default value of option mesa_glthread overridden by environment.
1650727906689	Marionette	INFO	Marionette enabled
console.warn: SearchSettings: "get: No settings file exists, new profile?" (new NotFoundError("Could not open the file at /tmp/rust_mozprofilejj9IrH/search.json.mozlz4", (void 0)))
1650727908456	Marionette	INFO	Listening on port 33361
Read port: 33361
1650727908560	RemoteAgent	WARN	TLS certificate errors will be ignored for this session
JavaScript error: http://selenium1py.pythonanywhere.com/en-gb/catalogue/coders-at-work_207/, line 614: ReferenceError: oscar is not defined
1650727921527	Marionette	INFO	Stopped listening on port 33361

###!!! [Parent][PImageBridgeParent] Error: RunMessage(msgname=PImageBridge::Msg_WillClose) Channel closing: too late to send/recv, messages will be lost

1650727940962	geckodriver	INFO	Listening on 127.0.0.1:42919
1650727940975	mozrunner::runner	INFO	Running command: "/usr/bin/firefox" "--marionette" "-no-remote" "-profile" "/tmp/rust_mozprofilewWPakH"
ATTENTION: default value of option mesa_glthread overridden by environment.
ATTENTION: default value of option mesa_glthread overridden by environment.
ATTENTION: default value of option mesa_glthread overridden by environment.
ATTENTION: default value of option mesa_glthread overridden by environment.
1650727941815	Marionette	INFO	Marionette enabled
console.warn: SearchSettings: "get: No settings file exists, new profile?" (new NotFoundError("Could not open the file at /tmp/rust_mozprofilewWPakH/search.json.mozlz4", (void 0)))
1650727943731	Marionette	INFO	Listening on port 37983
Read port: 37983
1650727943799	RemoteAgent	WARN	TLS certificate errors will be ignored for this session
JavaScript error: http://selenium1py.pythonanywhere.com/en-gb/catalogue/coders-at-work_207/, line 614: ReferenceError: oscar is not defined
1650727950429	Marionette	INFO	Stopped listening on port 37983
1650727972610	geckodriver	INFO	Listening on 127.0.0.1:43981
1650727972626	mozrunner::runner	INFO	Running command: "/usr/bin/firefox" "--marionette" "-no-remote" "-profile" "/tmp/rust_mozprofileVpYkqN"
ATTENTION: default value of option mesa_glthread overridden by environment.
ATTENTION: default value of option mesa_glthread overridden by environment.
ATTENTION: default value of option mesa_glthread overridden by environment.
ATTENTION: default value of option mesa_glthread overridden by environment.
1650727973472	Marionette	INFO	Marionette enabled
console.warn: SearchSettings: "get: No settings file exists, new profile?" (new NotFoundError("Could not open the file at /tmp/rust_mozprofileVpYkqN/search.json.mozlz4", (void 0)))
1650727975277	Marionette	INFO	Listening on port 41639
Read port: 41639
1650727975375	RemoteAgent	WARN	TLS certificate errors will be ignored for this session
JavaScript error: http://selenium1py.pythonanywhere.com/en-gb/catalogue/coders-at-work_207/, line 614: ReferenceError: oscar is not defined
1650727982487	Marionette	INFO	Stopped listening on port 41639

###!!! [Parent][PImageBridgeParent] Error: RunMessage(msgname=PImageBridge::Msg_WillClose) Channel closing: too late to send/recv, messages will be lost

1650728000121	geckodriver	INFO	Listening on 127.0.0.1:44715
1650728000139	mozrunner::runner	INFO	Running command: "/usr/bin/firefox" "--marionette" "-no-remote" "-profile" "/tmp/rust_mozprofileH2Ogpq"
ATTENTION: default value of option mesa_glthread overridden by environment.
ATTENTION: default value of option mesa_glthread overridden by environment.
ATTENTION: default value of option mesa_glthread overridden by environment.
ATTENTION: default value of option mesa_glthread overridden by environment.
1650728001007	Marionette	INFO	Marionette enabled
console.warn: SearchSettings: "get: No settings file exists, new profile?" (new NotFoundError("Could not open the file at /tmp/rust_mozprofileH2Ogpq/search.json.mozlz4", (void 0)))
1650728002835	Marionette	INFO	Listening on port 41327
Read port: 41327
1650728002896	RemoteAgent	WARN	TLS certificate errors will be ignored for this session
JavaScript error: http://selenium1py.pythonanywhere.com/en-gb/catalogue/coders-at-work_207/, line 614: ReferenceError: oscar is not defined
1650728009811	Marionette	INFO	Stopped listening on port 41327

###!!! [Parent][PImageBridgeParent] Error: RunMessage(msgname=PImageBridge::Msg_WillClose) Channel closing: too late to send/recv, messages will be lost

1650728020951	geckodriver	INFO	Listening on 127.0.0.1:36115
1650728020967	mozrunner::runner	INFO	Running command: "/usr/bin/firefox" "--marionette" "-no-remote" "-profile" "/tmp/rust_mozprofileBEDbL1"
ATTENTION: default value of option mesa_glthread overridden by environment.
ATTENTION: default value of option mesa_glthread overridden by environment.
ATTENTION: default value of option mesa_glthread overridden by environment.
ATTENTION: default value of option mesa_glthread overridden by environment.
1650728021849	Marionette	INFO	Marionette enabled
console.warn: SearchSettings: "get: No settings file exists, new profile?" (new NotFoundError("Could not open the file at /tmp/rust_mozprofileBEDbL1/search.json.mozlz4", (void 0)))
1650728023741	Marionette	INFO	Listening on port 35479
Read port: 35479
1650728023800	RemoteAgent	WARN	TLS certificate errors will be ignored for this session
JavaScript error: http://selenium1py.pythonanywhere.com/da/catalogue/coders-at-work_207/, line 614: ReferenceError: oscar is not defined
1650728030946	Marionette	INFO	Stopped listening on port 35479

###!!! [Parent][PImageBridgeParent] Error: RunMessage(msgname=PImageBridge::Msg_WillClose) Channel closing: too late to send/recv, messages will be lost

1650728049339	geckodriver	INFO	Listening on 127.0.0.1:44695
1650728049356	mozrunner::runner	INFO	Running command: "/usr/bin/firefox" "--marionette" "-no-remote" "-profile" "/tmp/rust_mozprofilevQOlb7"
ATTENTION: default value of option mesa_glthread overridden by environment.
ATTENTION: default value of option mesa_glthread overridden by environment.
ATTENTION: default value of option mesa_glthread overridden by environment.
ATTENTION: default value of option mesa_glthread overridden by environment.
1650728050204	Marionette	INFO	Marionette enabled
console.warn: SearchSettings: "get: No settings file exists, new profile?" (new NotFoundError("Could not open the file at /tmp/rust_mozprofilevQOlb7/search.json.mozlz4", (void 0)))
1650728051894	Marionette	INFO	Listening on port 46557
Read port: 46557
1650728051995	RemoteAgent	WARN	TLS certificate errors will be ignored for this session
JavaScript error: http://selenium1py.pythonanywhere.com/en-gb/catalogue/coders-at-work_207/, line 614: ReferenceError: oscar is not defined
1650728063033	Marionette	INFO	Stopped listening on port 46557

###!!! [Parent][PImageBridgeParent] Error: RunMessage(msgname=PImageBridge::Msg_WillClose) Channel closing: too late to send/recv, messages will be lost

1650728069365	geckodriver	INFO	Listening on 127.0.0.1:56277
1650728069378	mozrunner::runner	INFO	Running command: "/usr/bin/firefox" "--marionette" "-no-remote" "-profile" "/tmp/rust_mozprofile32sle4"
ATTENTION: default value of option mesa_glthread overridden by environment.
ATTENTION: default value of option mesa_glthread overridden by environment.
ATTENTION: default value of option mesa_glthread overridden by environment.
ATTENTION: default value of option mesa_glthread overridden by environment.
1650728070239	Marionette	INFO	Marionette enabled
console.warn: SearchSettings: "get: No settings file exists, new profile?" (new NotFoundError("Could not open the file at /tmp/rust_mozprofile32sle4/search.json.mozlz4", (void 0)))
1650728072080	Marionette	INFO	Listening on port 37463
Read port: 37463
1650728072221	RemoteAgent	WARN	TLS certificate errors will be ignored for this session
JavaScript error: http://selenium1py.pythonanywhere.com/el/catalogue/coders-at-work_207/, line 614: ReferenceError: oscar is not defined
1650728080699	Marionette	INFO	Stopped listening on port 37463

###!!! [Parent][PImageBridgeParent] Error: RunMessage(msgname=PImageBridge::Msg_WillClose) Channel closing: too late to send/recv, messages will be lost

1650728094288	geckodriver	INFO	Listening on 127.0.0.1:58833
1650728094302	mozrunner::runner	INFO	Running command: "/usr/bin/firefox" "--marionette" "-no-remote" "-profile" "/tmp/rust_mozprofilepleSBs"
ATTENTION: default value of option mesa_glthread overridden by environment.
ATTENTION: default value of option mesa_glthread overridden by environment.
ATTENTION: default value of option mesa_glthread overridden by environment.
ATTENTION: default value of option mesa_glthread overridden by environment.
1650728095099	Marionette	INFO	Marionette enabled
console.warn: SearchSettings: "get: No settings file exists, new profile?" (new NotFoundError("Could not open the file at /tmp/rust_mozprofilepleSBs/search.json.mozlz4", (void 0)))
1650728097002	Marionette	INFO	Listening on port 35259
Read port: 35259
1650728097053	RemoteAgent	WARN	TLS certificate errors will be ignored for this session
JavaScript error: http://selenium1py.pythonanywhere.com/en-gb/catalogue/coders-at-work_207/, line 614: ReferenceError: oscar is not defined
1650728104975	Marionette	INFO	Stopped listening on port 35259

###!!! [Parent][PImageBridgeParent] Error: RunMessage(msgname=PImageBridge::Msg_WillClose) Channel closing: too late to send/recv, messages will be lost

1650728112802	geckodriver	INFO	Listening on 127.0.0.1:39257
1650728112818	mozrunner::runner	INFO	Running command: "/usr/bin/firefox" "--marionette" "-no-remote" "-profile" "/tmp/rust_mozprofileVSpjtq"
ATTENTION: default value of option mesa_glthread overridden by environment.
ATTENTION: default value of option mesa_glthread overridden by environment.
ATTENTION: default value of option mesa_glthread overridden by environment.
ATTENTION: default value of option mesa_glthread overridden by environment.
1650728113630	Marionette	INFO	Marionette enabled
console.warn: SearchSettings: "get: No settings file exists, new profile?" (new NotFoundError("Could not open the file at /tmp/rust_mozprofileVSpjtq/search.json.mozlz4", (void 0)))
1650728115390	Marionette	INFO	Listening on port 43839
Read port: 43839
1650728115456	RemoteAgent	WARN	TLS certificate errors will be ignored for this session
JavaScript error: http://selenium1py.pythonanywhere.com/en-gb/catalogue/coders-at-work_207/, line 614: ReferenceError: oscar is not defined
1650728122445	Marionette	INFO	Stopped listening on port 43839
1650728128509	geckodriver	INFO	Listening on 127.0.0.1:41451
1650728128519	mozrunner::runner	INFO	Running command: "/usr/bin/firefox" "--marionette" "-no-remote" "-profile" "/tmp/rust_mozprofileXRtUpg"
ATTENTION: default value of option mesa_glthread overridden by environment.
ATTENTION: default value of option mesa_glthread overridden by environment.
ATTENTION: default value of option mesa_glthread overridden by environment.
ATTENTION: default value of option mesa_glthread overridden by environment.
1650728129329	Marionette	INFO	Marionette enabled
console.warn: SearchSettings: "get: No settings file exists, new profile?" (new NotFoundError("Could not open the file at /tmp/rust_mozprofileXRtUpg/search.json.mozlz4", (void 0)))
1650728131116	Marionette	INFO	Listening on port 35179
Read port: 35179
1650728131183	RemoteAgent	WARN	TLS certificate errors will be ignored for this session
JavaScript error: http://selenium1py.pythonanywhere.com/en-gb/catalogue/coders-at-work_207/, line 614: ReferenceError: oscar is not defined
1650728139273	Marionette	INFO	Stopped listening on port 35179

###!!! [Parent][PImageBridgeParent] Error: RunMessage(msgname=PImageBridge::Msg_WillClose) Channel closing: too late to send/recv, messages will be lost

1650728145589	geckodriver	INFO	Listening on 127.0.0.1:33705
1650728145602	mozrunner::runner	INFO	Running command: "/usr/bin/firefox" "--marionette" "-no-remote" "-profile" "/tmp/rust_mozprofileQol2zH"
ATTENTION: default value of option mesa_glthread overridden by environment.
ATTENTION: default value of option mesa_glthread overridden by environment.
ATTENTION: default value of option mesa_glthread overridden by environment.
ATTENTION: default value of option mesa_glthread overridden by environment.
1650728146440	Marionette	INFO	Marionette enabled
console.warn: SearchSettings: "get: No settings file exists, new profile?" (new NotFoundError("Could not open the file at /tmp/rust_mozprofileQol2zH/search.json.mozlz4", (void 0)))
1650728148178	Marionette	INFO	Listening on port 33505
Read port: 33505
1650728148252	RemoteAgent	WARN	TLS certificate errors will be ignored for this session
JavaScript error: http://selenium1py.pythonanywhere.com/fi/catalogue/coders-at-work_207/, line 613: ReferenceError: oscar is not defined
1650728155470	Marionette	INFO	Stopped listening on port 33505

###!!! [Parent][PImageBridgeParent] Error: RunMessage(msgname=PImageBridge::Msg_WillClose) Channel closing: too late to send/recv, messages will be lost

1650728173938	geckodriver	INFO	Listening on 127.0.0.1:42611
1650728173956	mozrunner::runner	INFO	Running command: "/usr/bin/firefox" "--marionette" "-no-remote" "-profile" "/tmp/rust_mozprofilef8FnmO"
ATTENTION: default value of option mesa_glthread overridden by environment.
ATTENTION: default value of option mesa_glthread overridden by environment.
ATTENTION: default value of option mesa_glthread overridden by environment.
ATTENTION: default value of option mesa_glthread overridden by environment.
1650728174769	Marionette	INFO	Marionette enabled
console.warn: SearchSettings: "get: No settings file exists, new profile?" (new NotFoundError("Could not open the file at /tmp/rust_mozprofilef8FnmO/search.json.mozlz4", (void 0)))
1650728176541	Marionette	INFO	Listening on port 33281
Read port: 33281
1650728176640	RemoteAgent	WARN	TLS certificate errors will be ignored for this session
JavaScript error: http://selenium1py.pythonanywhere.com/en-gb/catalogue/coders-at-work_207/, line 614: ReferenceError: oscar is not defined
1650728185347	Marionette	INFO	Stopped listening on port 33281

###!!! [Parent][PImageBridgeParent] Error: RunMessage(msgname=PImageBridge::Msg_WillClose) Channel closing: too late to send/recv, messages will be lost

1650728190743	geckodriver	INFO	Listening on 127.0.0.1:59671
1650728190760	mozrunner::runner	INFO	Running command: "/usr/bin/firefox" "--marionette" "-no-remote" "-profile" "/tmp/rust_mozprofileZIWnvV"
ATTENTION: default value of option mesa_glthread overridden by environment.
ATTENTION: default value of option mesa_glthread overridden by environment.
ATTENTION: default value of option mesa_glthread overridden by environment.
ATTENTION: default value of option mesa_glthread overridden by environment.
1650728191558	Marionette	INFO	Marionette enabled
console.warn: SearchSettings: "get: No settings file exists, new profile?" (new NotFoundError("Could not open the file at /tmp/rust_mozprofileZIWnvV/search.json.mozlz4", (void 0)))
1650728193291	Marionette	INFO	Listening on port 45173
Read port: 45173
1650728193386	RemoteAgent	WARN	TLS certificate errors will be ignored for this session
console.error: Region.jsm: "Error fetching region" (new Error("TIMEOUT", "resource://gre/modules/Region.jsm", 772))
console.error: Region.jsm: "Failed to fetch region" (new Error("TIMEOUT", "resource://gre/modules/Region.jsm", 419))
JavaScript error: http://selenium1py.pythonanywhere.com/en-gb/catalogue/coders-at-work_207/, line 614: ReferenceError: oscar is not defined
1650728208976	Marionette	INFO	Stopped listening on port 45173
1650728217150	geckodriver	INFO	Listening on 127.0.0.1:35623
1650728217167	mozrunner::runner	INFO	Running command: "/usr/bin/firefox" "--marionette" "-no-remote" "-profile" "/tmp/rust_mozprofileQrzRXi"
ATTENTION: default value of option mesa_glthread overridden by environment.
ATTENTION: default value of option mesa_glthread overridden by environment.
ATTENTION: default value of option mesa_glthread overridden by environment.
ATTENTION: default value of option mesa_glthread overridden by environment.
1650728218058	Marionette	INFO	Marionette enabled
console.warn: SearchSettings: "get: No settings file exists, new profile?" (new NotFoundError("Could not open the file at /tmp/rust_mozprofileQrzRXi/search.json.mozlz4", (void 0)))
1650728219809	Marionette	INFO	Listening on port 37931
Read port: 37931
1650728219895	RemoteAgent	WARN	TLS certificate errors will be ignored for this session
JavaScript error: http://selenium1py.pythonanywhere.com/en-gb/catalogue/coders-at-work_207/, line 614: ReferenceError: oscar is not defined
1650728227094	Marionette	INFO	Stopped listening on port 37931

###!!! [Parent][PImageBridgeParent] Error: RunMessage(msgname=PImageBridge::Msg_WillClose) Channel closing: too late to send/recv, messages will be lost

1650728231765	geckodriver	INFO	Listening on 127.0.0.1:39923
1650728231782	mozrunner::runner	INFO	Running command: "/usr/bin/firefox" "--marionette" "-no-remote" "-profile" "/tmp/rust_mozprofileqoYnXr"
ATTENTION: default value of option mesa_glthread overridden by environment.
ATTENTION: default value of option mesa_glthread overridden by environment.
ATTENTION: default value of option mesa_glthread overridden by environment.
ATTENTION: default value of option mesa_glthread overridden by environment.
1650728232632	Marionette	INFO	Marionette enabled
console.warn: SearchSettings: "get: No settings file exists, new profile?" (new NotFoundError("Could not open the file at /tmp/rust_mozprofileqoYnXr/search.json.mozlz4", (void 0)))
1650728234486	Marionette	INFO	Listening on port 33397
Read port: 33397
1650728234610	RemoteAgent	WARN	TLS certificate errors will be ignored for this session
JavaScript error: http://selenium1py.pythonanywhere.com/en-gb/catalogue/coders-at-work_207/, line 614: ReferenceError: oscar is not defined
1650728241687	Marionette	INFO	Stopped listening on port 33397

###!!! [Parent][PImageBridgeParent] Error: RunMessage(msgname=PImageBridge::Msg_WillClose) Channel closing: too late to send/recv, messages will be lost

1650728255162	geckodriver	INFO	Listening on 127.0.0.1:45609
1650728255173	mozrunner::runner	INFO	Running command: "/usr/bin/firefox" "--marionette" "-no-remote" "-profile" "/tmp/rust_mozprofileAplt0G"
ATTENTION: default value of option mesa_glthread overridden by environment.
ATTENTION: default value of option mesa_glthread overridden by environment.
ATTENTION: default value of option mesa_glthread overridden by environment.
ATTENTION: default value of option mesa_glthread overridden by environment.
1650728256004	Marionette	INFO	Marionette enabled
console.warn: SearchSettings: "get: No settings file exists, new profile?" (new NotFoundError("Could not open the file at /tmp/rust_mozprofileAplt0G/search.json.mozlz4", (void 0)))
1650728258034	Marionette	INFO	Listening on port 39675
Read port: 39675
1650728258143	RemoteAgent	WARN	TLS certificate errors will be ignored for this session
JavaScript error: http://selenium1py.pythonanywhere.com/en-gb/catalogue/coders-at-work_207/, line 614: ReferenceError: oscar is not defined
1650728264808	Marionette	INFO	Stopped listening on port 39675

###!!! [Parent][PImageBridgeParent] Error: RunMessage(msgname=PImageBridge::Msg_WillClose) Channel closing: too late to send/recv, messages will be lost

1650728271886	geckodriver	INFO	Listening on 127.0.0.1:49047
1650728271899	mozrunner::runner	INFO	Running command: "/usr/bin/firefox" "--marionette" "-no-remote" "-profile" "/tmp/rust_mozprofilepXlXdG"
ATTENTION: default value of option mesa_glthread overridden by environment.
ATTENTION: default value of option mesa_glthread overridden by environment.
ATTENTION: default value of option mesa_glthread overridden by environment.
ATTENTION: default value of option mesa_glthread overridden by environment.
1650728272719	Marionette	INFO	Marionette enabled
console.warn: SearchSettings: "get: No settings file exists, new profile?" (new NotFoundError("Could not open the file at /tmp/rust_mozprofilepXlXdG/search.json.mozlz4", (void 0)))
1650728274572	Marionette	INFO	Listening on port 46593
Read port: 46593
1650728274654	RemoteAgent	WARN	TLS certificate errors will be ignored for this session
JavaScript error: http://selenium1py.pythonanywhere.com/en-gb/catalogue/coders-at-work_207/, line 614: ReferenceError: oscar is not defined
1650728285301	Marionette	INFO	Stopped listening on port 46593

###!!! [Parent][PImageBridgeParent] Error: RunMessage(msgname=PImageBridge::Msg_WillClose) Channel closing: too late to send/recv, messages will be lost

1650728290713	geckodriver	INFO	Listening on 127.0.0.1:54767
1650728290726	mozrunner::runner	INFO	Running command: "/usr/bin/firefox" "--marionette" "-no-remote" "-profile" "/tmp/rust_mozprofileAkfvEh"
ATTENTION: default value of option mesa_glthread overridden by environment.
ATTENTION: default value of option mesa_glthread overridden by environment.
ATTENTION: default value of option mesa_glthread overridden by environment.
ATTENTION: default value of option mesa_glthread overridden by environment.
1650728291575	Marionette	INFO	Marionette enabled
console.warn: SearchSettings: "get: No settings file exists, new profile?" (new NotFoundError("Could not open the file at /tmp/rust_mozprofileAkfvEh/search.json.mozlz4", (void 0)))
1650728293440	Marionette	INFO	Listening on port 39481
Read port: 39481
1650728293595	RemoteAgent	WARN	TLS certificate errors will be ignored for this session
JavaScript error: http://selenium1py.pythonanywhere.com/en-gb/catalogue/coders-at-work_207/, line 614: ReferenceError: oscar is not defined
1650728302490	Marionette	INFO	Stopped listening on port 39481

###!!! [Parent][PImageBridgeParent] Error: RunMessage(msgname=PImageBridge::Msg_WillClose) Channel closing: too late to send/recv, messages will be lost

1651329324321	geckodriver	INFO	Listening on 127.0.0.1:48519
1651329325340	mozrunner::runner	INFO	Running command: "/usr/bin/firefox" "--marionette" "-no-remote" "-profile" "/tmp/rust_mozprofileWYlMRh"
ATTENTION: default value of option mesa_glthread overridden by environment.
ATTENTION: default value of option mesa_glthread overridden by environment.
ATTENTION: default value of option mesa_glthread overridden by environment.
ATTENTION: default value of option mesa_glthread overridden by environment.
1651329326718	Marionette	INFO	Marionette enabled
console.warn: SearchSettings: "get: No settings file exists, new profile?" (new NotFoundError("Could not open the file at /tmp/rust_mozprofileWYlMRh/search.json.mozlz4", (void 0)))
1651329329266	Marionette	INFO	Listening on port 45587
Read port: 45587
1651329329394	RemoteAgent	WARN	TLS certificate errors will be ignored for this session
JavaScript error: http://selenium1py.pythonanywhere.com/es/catalogue/coders-at-work_207/, line 614: ReferenceError: oscar is not defined
1651329337577	Marionette	INFO	Stopped listening on port 45587

###!!! [Parent][PImageBridgeParent] Error: RunMessage(msgname=PImageBridge::Msg_WillClose) Channel closing: too late to send/recv, messages will be lost

1651329362362	geckodriver	INFO	Listening on 127.0.0.1:52517
1651329362376	mozrunner::runner	INFO	Running command: "/usr/bin/firefox" "--marionette" "-no-remote" "-profile" "/tmp/rust_mozprofileGgudSX"
ATTENTION: default value of option mesa_glthread overridden by environment.
ATTENTION: default value of option mesa_glthread overridden by environment.
ATTENTION: default value of option mesa_glthread overridden by environment.
ATTENTION: default value of option mesa_glthread overridden by environment.
1651329363606	Marionette	INFO	Marionette enabled
console.warn: SearchSettings: "get: No settings file exists, new profile?" (new NotFoundError("Could not open the file at /tmp/rust_mozprofileGgudSX/search.json.mozlz4", (void 0)))
1651329365859	Marionette	INFO	Listening on port 32865
Read port: 32865
1651329365961	RemoteAgent	WARN	TLS certificate errors will be ignored for this session
JavaScript error: http://selenium1py.pythonanywhere.com/es/catalogue/coders-at-work_207/, line 614: ReferenceError: oscar is not defined
1651329372605	Marionette	INFO	Stopped listening on port 32865

###!!! [Parent][PImageBridgeParent] Error: RunMessage(msgname=PImageBridge::Msg_WillClose) Channel closing: too late to send/recv, messages will be lost

1651329432373	geckodriver	INFO	Listening on 127.0.0.1:48569
1651329432392	mozrunner::runner	INFO	Running command: "/usr/bin/firefox" "--marionette" "-no-remote" "-profile" "/tmp/rust_mozprofileT2kJvt"
ATTENTION: default value of option mesa_glthread overridden by environment.
ATTENTION: default value of option mesa_glthread overridden by environment.
ATTENTION: default value of option mesa_glthread overridden by environment.
ATTENTION: default value of option mesa_glthread overridden by environment.
1651329433531	Marionette	INFO	Marionette enabled
console.warn: SearchSettings: "get: No settings file exists, new profile?" (new NotFoundError("Could not open the file at /tmp/rust_mozprofileT2kJvt/search.json.mozlz4", (void 0)))
1651329435862	Marionette	INFO	Listening on port 45331
Read port: 45331
1651329435946	RemoteAgent	WARN	TLS certificate errors will be ignored for this session
JavaScript error: http://selenium1py.pythonanywhere.com/es/catalogue/coders-at-work_207/, line 614: ReferenceError: oscar is not defined
1651329446757	Marionette	INFO	Stopped listening on port 45331

###!!! [Parent][PImageBridgeParent] Error: RunMessage(msgname=PImageBridge::Msg_WillClose) Channel closing: too late to send/recv, messages will be lost

